<?xml version="1.0" encoding="UTF-8"?>
<!-- Generated by org.testng.reporters.JUnitXMLReporter -->
<testsuite hostname="7eefc1928e7d" ignored="0" name="book-flight-2" tests="5" failures="1" timestamp="2020-05-20T22:55:26 GMT" time="18.952" errors="0">
  <testcase name="registrationPage" time="4.901" classname="com.newtours.tests.BookFlightTest"/>
  <testcase name="registrationConfirmationPage" time="1.321" classname="com.newtours.tests.BookFlightTest"/>
  <testcase name="flightDetailsPage" time="1.953" classname="com.newtours.tests.BookFlightTest"/>
  <testcase name="findFlightPage" time="2.939" classname="com.newtours.tests.BookFlightTest"/>
  <testcase name="flightConfirmationPage" time="5.267" classname="com.newtours.tests.BookFlightTest">
    <failure type="java.lang.AssertionError" message="expected [$1169 USD] but found [$1753 USD]">
      <![CDATA[java.lang.AssertionError: expected [$1169 USD] but found [$1753 USD]
at com.newtours.tests.BookFlightTest.flightConfirmationPage(BookFlightTest.java:63)
at java.util.ArrayList.forEach(ArrayList.java:1257)
... Removed 31 stack frames]]>
    </failure>
  </testcase> <!-- flightConfirmationPage -->
</testsuite> <!-- book-flight-2 -->
