<?xml version="1.0" encoding="UTF-8"?>
<testng-results skipped="0" failed="1" ignored="0" total="20" passed="19">
  <reporter-output>
  </reporter-output>
  <suite name="book-flight-module" duration-ms="70338" started-at="2020-05-20T22:54:47 GMT" finished-at="2020-05-20T22:55:57 GMT">
    <groups>
    </groups>
    <test name="book-flight-1" duration-ms="20019" started-at="2020-05-20T22:54:47 GMT" finished-at="2020-05-20T22:55:07 GMT">
      <class name="com.newtours.tests.BookFlightTest">
        <test-method status="PASS" signature="setupDriver(org.testng.ITestContext)[pri:0, instance:com.newtours.tests.BookFlightTest@32e6e9c3]" name="setupDriver" is-config="true" duration-ms="7701" started-at="2020-05-20T22:54:47 GMT" finished-at="2020-05-20T22:54:54 GMT">
          <params>
            <param index="0">
              <value>
                <![CDATA[org.testng.TestRunner@36b0fcd5]]>
              </value>
            </param>
          </params>
          <reporter-output>
          </reporter-output>
        </test-method> <!-- setupDriver -->
        <test-method status="PASS" signature="setupParameters(java.lang.String, java.lang.String)[pri:0, instance:com.newtours.tests.BookFlightTest@32e6e9c3]" name="setupParameters" is-config="true" duration-ms="2" started-at="2020-05-20T22:54:54 GMT" depends-on-methods="com.tests.BaseTest.setupDriver" finished-at="2020-05-20T22:54:54 GMT">
          <params>
            <param index="0">
              <value>
                <![CDATA[1]]>
              </value>
            </param>
            <param index="1">
              <value>
                <![CDATA[$1753 USD]]>
              </value>
            </param>
          </params>
          <reporter-output>
          </reporter-output>
        </test-method> <!-- setupParameters -->
        <test-method status="PASS" signature="registrationPage()[pri:0, instance:com.newtours.tests.BookFlightTest@32e6e9c3]" name="registrationPage" duration-ms="5566" started-at="2020-05-20T22:54:54 GMT" finished-at="2020-05-20T22:55:00 GMT">
          <reporter-output>
          </reporter-output>
        </test-method> <!-- registrationPage -->
        <test-method status="PASS" signature="registrationConfirmationPage()[pri:0, instance:com.newtours.tests.BookFlightTest@32e6e9c3]" name="registrationConfirmationPage" duration-ms="1240" started-at="2020-05-20T22:55:00 GMT" depends-on-methods="com.newtours.tests.BookFlightTest.registrationPage" finished-at="2020-05-20T22:55:01 GMT">
          <reporter-output>
          </reporter-output>
        </test-method> <!-- registrationConfirmationPage -->
        <test-method status="PASS" signature="flightDetailsPage()[pri:0, instance:com.newtours.tests.BookFlightTest@32e6e9c3]" name="flightDetailsPage" duration-ms="1357" started-at="2020-05-20T22:55:01 GMT" depends-on-methods="com.newtours.tests.BookFlightTest.registrationConfirmationPage" finished-at="2020-05-20T22:55:03 GMT">
          <reporter-output>
          </reporter-output>
        </test-method> <!-- flightDetailsPage -->
        <test-method status="PASS" signature="findFlightPage()[pri:0, instance:com.newtours.tests.BookFlightTest@32e6e9c3]" name="findFlightPage" duration-ms="2572" started-at="2020-05-20T22:55:03 GMT" depends-on-methods="com.newtours.tests.BookFlightTest.flightDetailsPage" finished-at="2020-05-20T22:55:05 GMT">
          <reporter-output>
          </reporter-output>
        </test-method> <!-- findFlightPage -->
        <test-method status="PASS" signature="flightConfirmationPage()[pri:0, instance:com.newtours.tests.BookFlightTest@32e6e9c3]" name="flightConfirmationPage" duration-ms="1370" started-at="2020-05-20T22:55:05 GMT" depends-on-methods="com.newtours.tests.BookFlightTest.findFlightPage" finished-at="2020-05-20T22:55:07 GMT">
          <reporter-output>
          </reporter-output>
        </test-method> <!-- flightConfirmationPage -->
        <test-method status="PASS" signature="quitDriver()[pri:0, instance:com.newtours.tests.BookFlightTest@32e6e9c3]" name="quitDriver" is-config="true" duration-ms="69" started-at="2020-05-20T22:55:07 GMT" finished-at="2020-05-20T22:55:07 GMT">
          <reporter-output>
          </reporter-output>
        </test-method> <!-- quitDriver -->
      </class> <!-- com.newtours.tests.BookFlightTest -->
    </test> <!-- book-flight-1 -->
    <test name="book-flight-2" duration-ms="18952" started-at="2020-05-20T22:55:07 GMT" finished-at="2020-05-20T22:55:26 GMT">
      <class name="com.newtours.tests.BookFlightTest">
        <test-method status="PASS" signature="setupDriver(org.testng.ITestContext)[pri:0, instance:com.newtours.tests.BookFlightTest@36d4b5c]" name="setupDriver" is-config="true" duration-ms="2453" started-at="2020-05-20T22:55:07 GMT" finished-at="2020-05-20T22:55:09 GMT">
          <params>
            <param index="0">
              <value>
                <![CDATA[org.testng.TestRunner@4fad94a7]]>
              </value>
            </param>
          </params>
          <reporter-output>
          </reporter-output>
        </test-method> <!-- setupDriver -->
        <test-method status="PASS" signature="setupParameters(java.lang.String, java.lang.String)[pri:0, instance:com.newtours.tests.BookFlightTest@36d4b5c]" name="setupParameters" is-config="true" duration-ms="1" started-at="2020-05-20T22:55:09 GMT" depends-on-methods="com.tests.BaseTest.setupDriver" finished-at="2020-05-20T22:55:09 GMT">
          <params>
            <param index="0">
              <value>
                <![CDATA[2]]>
              </value>
            </param>
            <param index="1">
              <value>
                <![CDATA[$1169 USD]]>
              </value>
            </param>
          </params>
          <reporter-output>
          </reporter-output>
        </test-method> <!-- setupParameters -->
        <test-method status="PASS" signature="registrationPage()[pri:0, instance:com.newtours.tests.BookFlightTest@36d4b5c]" name="registrationPage" duration-ms="4901" started-at="2020-05-20T22:55:09 GMT" finished-at="2020-05-20T22:55:14 GMT">
          <reporter-output>
          </reporter-output>
        </test-method> <!-- registrationPage -->
        <test-method status="PASS" signature="registrationConfirmationPage()[pri:0, instance:com.newtours.tests.BookFlightTest@36d4b5c]" name="registrationConfirmationPage" duration-ms="1321" started-at="2020-05-20T22:55:14 GMT" depends-on-methods="com.newtours.tests.BookFlightTest.registrationPage" finished-at="2020-05-20T22:55:16 GMT">
          <reporter-output>
          </reporter-output>
        </test-method> <!-- registrationConfirmationPage -->
        <test-method status="PASS" signature="flightDetailsPage()[pri:0, instance:com.newtours.tests.BookFlightTest@36d4b5c]" name="flightDetailsPage" duration-ms="1953" started-at="2020-05-20T22:55:16 GMT" depends-on-methods="com.newtours.tests.BookFlightTest.registrationConfirmationPage" finished-at="2020-05-20T22:55:18 GMT">
          <reporter-output>
          </reporter-output>
        </test-method> <!-- flightDetailsPage -->
        <test-method status="PASS" signature="findFlightPage()[pri:0, instance:com.newtours.tests.BookFlightTest@36d4b5c]" name="findFlightPage" duration-ms="2939" started-at="2020-05-20T22:55:18 GMT" depends-on-methods="com.newtours.tests.BookFlightTest.flightDetailsPage" finished-at="2020-05-20T22:55:20 GMT">
          <reporter-output>
          </reporter-output>
        </test-method> <!-- findFlightPage -->
        <test-method status="FAIL" signature="flightConfirmationPage()[pri:0, instance:com.newtours.tests.BookFlightTest@36d4b5c]" name="flightConfirmationPage" duration-ms="5267" started-at="2020-05-20T22:55:20 GMT" depends-on-methods="com.newtours.tests.BookFlightTest.findFlightPage" finished-at="2020-05-20T22:55:26 GMT">
          <exception class="java.lang.AssertionError">
            <message>
              <![CDATA[expected [$1169 USD] but found [$1753 USD]]]>
            </message>
            <full-stacktrace>
              <![CDATA[java.lang.AssertionError: expected [$1169 USD] but found [$1753 USD]
at org.testng.Assert.fail(Assert.java:97)
at org.testng.Assert.assertEqualsImpl(Assert.java:136)
at org.testng.Assert.assertEquals(Assert.java:118)
at org.testng.Assert.assertEquals(Assert.java:575)
at org.testng.Assert.assertEquals(Assert.java:585)
at com.newtours.tests.BookFlightTest.flightConfirmationPage(BookFlightTest.java:63)
at sun.reflect.NativeMethodAccessorImpl.invoke0(Native Method)
at sun.reflect.NativeMethodAccessorImpl.invoke(NativeMethodAccessorImpl.java:62)
at sun.reflect.DelegatingMethodAccessorImpl.invoke(DelegatingMethodAccessorImpl.java:43)
at java.lang.reflect.Method.invoke(Method.java:498)
at org.testng.internal.MethodInvocationHelper.invokeMethod(MethodInvocationHelper.java:133)
at org.testng.internal.TestInvoker.invokeMethod(TestInvoker.java:584)
at org.testng.internal.TestInvoker.invokeTestMethod(TestInvoker.java:172)
at org.testng.internal.MethodRunner.runInSequence(MethodRunner.java:46)
at org.testng.internal.TestInvoker$MethodInvocationAgent.invoke(TestInvoker.java:804)
at org.testng.internal.TestInvoker.invokeTestMethods(TestInvoker.java:145)
at org.testng.internal.TestMethodWorker.invokeTestMethods(TestMethodWorker.java:146)
at org.testng.internal.TestMethodWorker.run(TestMethodWorker.java:128)
at java.util.ArrayList.forEach(ArrayList.java:1257)
at org.testng.TestRunner.privateRun(TestRunner.java:770)
at org.testng.TestRunner.run(TestRunner.java:591)
at org.testng.SuiteRunner.runTest(SuiteRunner.java:402)
at org.testng.SuiteRunner.runSequentially(SuiteRunner.java:396)
at org.testng.SuiteRunner.privateRun(SuiteRunner.java:355)
at org.testng.SuiteRunner.run(SuiteRunner.java:304)
at org.testng.SuiteRunnerWorker.runSuite(SuiteRunnerWorker.java:53)
at org.testng.SuiteRunnerWorker.run(SuiteRunnerWorker.java:96)
at org.testng.TestNG.runSuitesSequentially(TestNG.java:1180)
at org.testng.TestNG.runSuitesLocally(TestNG.java:1102)
at org.testng.TestNG.runSuites(TestNG.java:1032)
at org.testng.TestNG.run(TestNG.java:1000)
at org.testng.TestNG.privateMain(TestNG.java:1326)
at org.testng.TestNG.main(TestNG.java:1294)
]]>
            </full-stacktrace>
          </exception> <!-- java.lang.AssertionError -->
          <reporter-output>
          </reporter-output>
        </test-method> <!-- flightConfirmationPage -->
        <test-method status="PASS" signature="quitDriver()[pri:0, instance:com.newtours.tests.BookFlightTest@36d4b5c]" name="quitDriver" is-config="true" duration-ms="103" started-at="2020-05-20T22:55:26 GMT" finished-at="2020-05-20T22:55:26 GMT">
          <reporter-output>
          </reporter-output>
        </test-method> <!-- quitDriver -->
      </class> <!-- com.newtours.tests.BookFlightTest -->
    </test> <!-- book-flight-2 -->
    <test name="book-flight-3" duration-ms="17501" started-at="2020-05-20T22:55:26 GMT" finished-at="2020-05-20T22:55:44 GMT">
      <class name="com.newtours.tests.BookFlightTest">
        <test-method status="PASS" signature="setupDriver(org.testng.ITestContext)[pri:0, instance:com.newtours.tests.BookFlightTest@735b5592]" name="setupDriver" is-config="true" duration-ms="5081" started-at="2020-05-20T22:55:26 GMT" finished-at="2020-05-20T22:55:31 GMT">
          <params>
            <param index="0">
              <value>
                <![CDATA[org.testng.TestRunner@5241cf67]]>
              </value>
            </param>
          </params>
          <reporter-output>
          </reporter-output>
        </test-method> <!-- setupDriver -->
        <test-method status="PASS" signature="setupParameters(java.lang.String, java.lang.String)[pri:0, instance:com.newtours.tests.BookFlightTest@735b5592]" name="setupParameters" is-config="true" duration-ms="1" started-at="2020-05-20T22:55:31 GMT" depends-on-methods="com.tests.BaseTest.setupDriver" finished-at="2020-05-20T22:55:31 GMT">
          <params>
            <param index="0">
              <value>
                <![CDATA[3]]>
              </value>
            </param>
            <param index="1">
              <value>
                <![CDATA[$1753 USD]]>
              </value>
            </param>
          </params>
          <reporter-output>
          </reporter-output>
        </test-method> <!-- setupParameters -->
        <test-method status="PASS" signature="registrationPage()[pri:0, instance:com.newtours.tests.BookFlightTest@735b5592]" name="registrationPage" duration-ms="4079" started-at="2020-05-20T22:55:31 GMT" finished-at="2020-05-20T22:55:35 GMT">
          <reporter-output>
          </reporter-output>
        </test-method> <!-- registrationPage -->
        <test-method status="PASS" signature="registrationConfirmationPage()[pri:0, instance:com.newtours.tests.BookFlightTest@735b5592]" name="registrationConfirmationPage" duration-ms="1425" started-at="2020-05-20T22:55:35 GMT" depends-on-methods="com.newtours.tests.BookFlightTest.registrationPage" finished-at="2020-05-20T22:55:37 GMT">
          <reporter-output>
          </reporter-output>
        </test-method> <!-- registrationConfirmationPage -->
        <test-method status="PASS" signature="flightDetailsPage()[pri:0, instance:com.newtours.tests.BookFlightTest@735b5592]" name="flightDetailsPage" duration-ms="2672" started-at="2020-05-20T22:55:37 GMT" depends-on-methods="com.newtours.tests.BookFlightTest.registrationConfirmationPage" finished-at="2020-05-20T22:55:39 GMT">
          <reporter-output>
          </reporter-output>
        </test-method> <!-- flightDetailsPage -->
        <test-method status="PASS" signature="findFlightPage()[pri:0, instance:com.newtours.tests.BookFlightTest@735b5592]" name="findFlightPage" duration-ms="2614" started-at="2020-05-20T22:55:39 GMT" depends-on-methods="com.newtours.tests.BookFlightTest.flightDetailsPage" finished-at="2020-05-20T22:55:42 GMT">
          <reporter-output>
          </reporter-output>
        </test-method> <!-- findFlightPage -->
        <test-method status="PASS" signature="flightConfirmationPage()[pri:0, instance:com.newtours.tests.BookFlightTest@735b5592]" name="flightConfirmationPage" duration-ms="1513" started-at="2020-05-20T22:55:42 GMT" depends-on-methods="com.newtours.tests.BookFlightTest.findFlightPage" finished-at="2020-05-20T22:55:44 GMT">
          <reporter-output>
          </reporter-output>
        </test-method> <!-- flightConfirmationPage -->
        <test-method status="PASS" signature="quitDriver()[pri:0, instance:com.newtours.tests.BookFlightTest@735b5592]" name="quitDriver" is-config="true" duration-ms="109" started-at="2020-05-20T22:55:44 GMT" finished-at="2020-05-20T22:55:44 GMT">
          <reporter-output>
          </reporter-output>
        </test-method> <!-- quitDriver -->
      </class> <!-- com.newtours.tests.BookFlightTest -->
    </test> <!-- book-flight-3 -->
    <test name="book-flight-4" duration-ms="13207" started-at="2020-05-20T22:55:44 GMT" finished-at="2020-05-20T22:55:57 GMT">
      <class name="com.newtours.tests.BookFlightTest">
        <test-method status="PASS" signature="setupDriver(org.testng.ITestContext)[pri:0, instance:com.newtours.tests.BookFlightTest@7c16905e]" name="setupDriver" is-config="true" duration-ms="3198" started-at="2020-05-20T22:55:44 GMT" finished-at="2020-05-20T22:55:47 GMT">
          <params>
            <param index="0">
              <value>
                <![CDATA[org.testng.TestRunner@716a7124]]>
              </value>
            </param>
          </params>
          <reporter-output>
          </reporter-output>
        </test-method> <!-- setupDriver -->
        <test-method status="PASS" signature="setupParameters(java.lang.String, java.lang.String)[pri:0, instance:com.newtours.tests.BookFlightTest@7c16905e]" name="setupParameters" is-config="true" duration-ms="0" started-at="2020-05-20T22:55:47 GMT" depends-on-methods="com.tests.BaseTest.setupDriver" finished-at="2020-05-20T22:55:47 GMT">
          <params>
            <param index="0">
              <value>
                <![CDATA[4]]>
              </value>
            </param>
            <param index="1">
              <value>
                <![CDATA[$1753 USD]]>
              </value>
            </param>
          </params>
          <reporter-output>
          </reporter-output>
        </test-method> <!-- setupParameters -->
        <test-method status="PASS" signature="registrationPage()[pri:0, instance:com.newtours.tests.BookFlightTest@7c16905e]" name="registrationPage" duration-ms="3980" started-at="2020-05-20T22:55:47 GMT" finished-at="2020-05-20T22:55:51 GMT">
          <reporter-output>
          </reporter-output>
        </test-method> <!-- registrationPage -->
        <test-method status="PASS" signature="registrationConfirmationPage()[pri:0, instance:com.newtours.tests.BookFlightTest@7c16905e]" name="registrationConfirmationPage" duration-ms="1050" started-at="2020-05-20T22:55:51 GMT" depends-on-methods="com.newtours.tests.BookFlightTest.registrationPage" finished-at="2020-05-20T22:55:52 GMT">
          <reporter-output>
          </reporter-output>
        </test-method> <!-- registrationConfirmationPage -->
        <test-method status="PASS" signature="flightDetailsPage()[pri:0, instance:com.newtours.tests.BookFlightTest@7c16905e]" name="flightDetailsPage" duration-ms="1171" started-at="2020-05-20T22:55:52 GMT" depends-on-methods="com.newtours.tests.BookFlightTest.registrationConfirmationPage" finished-at="2020-05-20T22:55:53 GMT">
          <reporter-output>
          </reporter-output>
        </test-method> <!-- flightDetailsPage -->
        <test-method status="PASS" signature="findFlightPage()[pri:0, instance:com.newtours.tests.BookFlightTest@7c16905e]" name="findFlightPage" duration-ms="2299" started-at="2020-05-20T22:55:53 GMT" depends-on-methods="com.newtours.tests.BookFlightTest.flightDetailsPage" finished-at="2020-05-20T22:55:56 GMT">
          <reporter-output>
          </reporter-output>
        </test-method> <!-- findFlightPage -->
        <test-method status="PASS" signature="flightConfirmationPage()[pri:0, instance:com.newtours.tests.BookFlightTest@7c16905e]" name="flightConfirmationPage" duration-ms="1426" started-at="2020-05-20T22:55:56 GMT" depends-on-methods="com.newtours.tests.BookFlightTest.findFlightPage" finished-at="2020-05-20T22:55:57 GMT">
          <reporter-output>
          </reporter-output>
        </test-method> <!-- flightConfirmationPage -->
        <test-method status="PASS" signature="quitDriver()[pri:0, instance:com.newtours.tests.BookFlightTest@7c16905e]" name="quitDriver" is-config="true" duration-ms="74" started-at="2020-05-20T22:55:57 GMT" finished-at="2020-05-20T22:55:57 GMT">
          <reporter-output>
          </reporter-output>
        </test-method> <!-- quitDriver -->
      </class> <!-- com.newtours.tests.BookFlightTest -->
    </test> <!-- book-flight-4 -->
  </suite> <!-- book-flight-module -->
</testng-results>
