<html>
<head>
<title>TestNG:  book-flight-4</title>
<link href="../testng.css" rel="stylesheet" type="text/css" />
<link href="../my-testng.css" rel="stylesheet" type="text/css" />

<style type="text/css">
.log { display: none;} 
.stack-trace { display: none;} 
</style>
<script type="text/javascript">
<!--
function flip(e) {
  current = e.style.display;
  if (current == 'block') {
    e.style.display = 'none';
    return 0;
  }
  else {
    e.style.display = 'block';
    return 1;
  }
}

function toggleBox(szDivId, elem, msg1, msg2)
{
  var res = -1;  if (document.getElementById) {
    res = flip(document.getElementById(szDivId));
  }
  else if (document.all) {
    // this is the way old msie versions work
    res = flip(document.all[szDivId]);
  }
  if(elem) {
    if(res == 0) elem.innerHTML = msg1; else elem.innerHTML = msg2;
  }

}

function toggleAllBoxes() {
  if (document.getElementsByTagName) {
    d = document.getElementsByTagName('div');
    for (i = 0; i < d.length; i++) {
      if (d[i].className == 'log') {
        flip(d[i]);
      }
    }
  }
}

// -->
</script>

</head>
<body>
<h2 align='center'>book-flight-4</h2><table border='1' align="center">
<tr>
<td>Tests passed/Failed/Skipped:</td><td>5/0/0</td>
</tr><tr>
<td>Started on:</td><td>Wed May 20 22:56:41 GMT 2020</td>
</tr>
<tr><td>Total time:</td><td>12 seconds (12542 ms)</td>
</tr><tr>
<td>Included groups:</td><td></td>
</tr><tr>
<td>Excluded groups:</td><td></td>
</tr>
</table><p/>
<small><i>(Hover the method name to see the test class name)</i></small><p/>
<table width='100%' border='1' class='invocation-failed'>
<tr><td colspan='4' align='center'><b>FAILED TESTS</b></td></tr>
<tr><td><b>Test method</b></td>
<td width="30%"><b>Exception</b></td>
<td width="10%"><b>Time (seconds)</b></td>
<td><b>Instance</b></td>
</tr>
<tr>
<td title='com.newtours.tests.BookFlightTest.findFlightPage()'><b>findFlightPage</b><br>Test class: com.newtours.tests.BookFlightTest</td>
<td><div><pre>org.openqa.selenium.TimeoutException: Expected condition failed: waiting for element to be clickable: Proxy element for: DefaultElementLocator &apos;By.name: buyFlights&apos; (tried for 30 second(s) with 500 milliseconds interval)
	at org.openqa.selenium.support.ui.WebDriverWait.timeoutException(WebDriverWait.java:113)
	at org.openqa.selenium.support.ui.FluentWait.until(FluentWait.java:283)
	at com.newtours.pages.FindFlightPage.goToFlightConfirmationPage(FindFlightPage.java:33)
	at com.newtours.tests.BookFlightTest.findFlightPage(BookFlightTest.java:56)
	at java.util.ArrayList.forEach(ArrayList.java:1257)
Caused by: org.openqa.selenium.NoSuchElementException: Unable to locate element: *[name=&apos;buyFlights&apos;]
For documentation on this error, please visit: http://seleniumhq.org/exceptions/no_such_element.html
Build info: version: &apos;3.14.0&apos;, revision: &apos;aacccce0&apos;, time: &apos;2018-08-02T20:19:58.91Z&apos;
System info: host: &apos;d209f91d8199&apos;, ip: &apos;172.27.0.9&apos;, os.name: &apos;Linux&apos;, os.arch: &apos;amd64&apos;, os.version: &apos;4.9.125-linuxkit&apos;, java.version: &apos;1.8.0_191&apos;
Driver info: org.openqa.selenium.remote.RemoteWebDriver
Capabilities {acceptInsecureCerts: true, browserName: firefox, browserVersion: 63.0, javascriptEnabled: true, moz:accessibilityChecks: false, moz:geckodriverVersion: 0.23.0, moz:headless: false, moz:processID: 348, moz:profile: /tmp/rust_mozprofile.vK35H3..., moz:useNonSpecCompliantPointerOrigin: false, moz:webdriverClick: true, pageLoadStrategy: normal, platform: LINUX, platformName: LINUX, platformVersion: 4.9.125-linuxkit, rotatable: false, setWindowRect: true, timeouts: {implicit: 0, pageLoad: 300000, script: 30000}, unhandledPromptBehavior: dismiss and notify, webdriver.remote.sessionid: 2f70c85d-ad3c-4ef0-91a4-a2c...}
Session ID: 2f70c85d-ad3c-4ef0-91a4-a2c28ca954a4
*** Element info: {Using=name, value=buyFlights}
	at org.openqa.selenium.remote.http.W3CHttpResponseCodec.createException(W3CHttpResponseCodec.java:187)
	at org.openqa.selenium.remote.http.W3CHttpResponseCodec.decode(W3CHttpResponseCodec.java:122)
	at org.openqa.selenium.remote.http.W3CHttpResponseCodec.decode(W3CHttpResponseCodec.java:49)
	at org.openqa.selenium.remote.HttpCommandExecutor.execute(HttpCommandExecutor.java:158)
	at org.openqa.selenium.remote.RemoteWebDriver.execute(RemoteWebDriver.java:548)
	at org.openqa.selenium.remote.RemoteWebDriver.findElement(RemoteWebDriver.java:322)
	at org.openqa.selenium.remote.RemoteWebDriver.findElementByName(RemoteWebDriver.java:400)
	at org.openqa.selenium.By$ByName.findElement(By.java:284)
	at org.openqa.selenium.remote.RemoteWebDriver.findElement(RemoteWebDriver.java:314)
	at org.openqa.selenium.support.pagefactory.DefaultElementLocator.findElement(DefaultElementLocator.java:69)
	at org.openqa.selenium.support.pagefactory.internal.LocatingElementHandler.invoke(LocatingElementHandler.java:38)
	at com.sun.proxy.$Proxy9.isDisplayed(Unknown Source)
	at org.openqa.selenium.support.ui.ExpectedConditions.elementIfVisible(ExpectedConditions.java:315)
	at org.openqa.selenium.support.ui.ExpectedConditions.access$100(ExpectedConditions.java:44)
	at org.openqa.selenium.support.ui.ExpectedConditions$10.apply(ExpectedConditions.java:301)
	at org.openqa.selenium.support.ui.ExpectedConditions$10.apply(ExpectedConditions.java:298)
	at org.openqa.selenium.support.ui.ExpectedConditions$23.apply(ExpectedConditions.java:686)
	at org.openqa.selenium.support.ui.ExpectedConditions$23.apply(ExpectedConditions.java:682)
	at org.openqa.selenium.support.ui.FluentWait.until(FluentWait.java:260)
	... 29 more
... Removed 29 stack frames</pre></div><a href='#' onClick='toggleBox("stack-trace1251897263", this, "Click to show all stack frames", "Click to hide stack frames")'>Click to show all stack frames</a>
<div class='stack-trace' id='stack-trace1251897263'><pre>org.openqa.selenium.TimeoutException: Expected condition failed: waiting for element to be clickable: Proxy element for: DefaultElementLocator &apos;By.name: buyFlights&apos; (tried for 30 second(s) with 500 milliseconds interval)
	at org.openqa.selenium.support.ui.WebDriverWait.timeoutException(WebDriverWait.java:113)
	at org.openqa.selenium.support.ui.FluentWait.until(FluentWait.java:283)
	at com.newtours.pages.FindFlightPage.goToFlightConfirmationPage(FindFlightPage.java:33)
	at com.newtours.tests.BookFlightTest.findFlightPage(BookFlightTest.java:56)
	at sun.reflect.NativeMethodAccessorImpl.invoke0(Native Method)
	at sun.reflect.NativeMethodAccessorImpl.invoke(NativeMethodAccessorImpl.java:62)
	at sun.reflect.DelegatingMethodAccessorImpl.invoke(DelegatingMethodAccessorImpl.java:43)
	at java.lang.reflect.Method.invoke(Method.java:498)
	at org.testng.internal.MethodInvocationHelper.invokeMethod(MethodInvocationHelper.java:133)
	at org.testng.internal.TestInvoker.invokeMethod(TestInvoker.java:584)
	at org.testng.internal.TestInvoker.invokeTestMethod(TestInvoker.java:172)
	at org.testng.internal.MethodRunner.runInSequence(MethodRunner.java:46)
	at org.testng.internal.TestInvoker$MethodInvocationAgent.invoke(TestInvoker.java:804)
	at org.testng.internal.TestInvoker.invokeTestMethods(TestInvoker.java:145)
	at org.testng.internal.TestMethodWorker.invokeTestMethods(TestMethodWorker.java:146)
	at org.testng.internal.TestMethodWorker.run(TestMethodWorker.java:128)
	at java.util.ArrayList.forEach(ArrayList.java:1257)
	at org.testng.TestRunner.privateRun(TestRunner.java:770)
	at org.testng.TestRunner.run(TestRunner.java:591)
	at org.testng.SuiteRunner.runTest(SuiteRunner.java:402)
	at org.testng.SuiteRunner.runSequentially(SuiteRunner.java:396)
	at org.testng.SuiteRunner.privateRun(SuiteRunner.java:355)
	at org.testng.SuiteRunner.run(SuiteRunner.java:304)
	at org.testng.SuiteRunnerWorker.runSuite(SuiteRunnerWorker.java:53)
	at org.testng.SuiteRunnerWorker.run(SuiteRunnerWorker.java:96)
	at org.testng.TestNG.runSuitesSequentially(TestNG.java:1180)
	at org.testng.TestNG.runSuitesLocally(TestNG.java:1102)
	at org.testng.TestNG.runSuites(TestNG.java:1032)
	at org.testng.TestNG.run(TestNG.java:1000)
	at org.testng.TestNG.privateMain(TestNG.java:1326)
	at org.testng.TestNG.main(TestNG.java:1294)
Caused by: org.openqa.selenium.NoSuchElementException: Unable to locate element: *[name=&apos;buyFlights&apos;]
For documentation on this error, please visit: http://seleniumhq.org/exceptions/no_such_element.html
Build info: version: &apos;3.14.0&apos;, revision: &apos;aacccce0&apos;, time: &apos;2018-08-02T20:19:58.91Z&apos;
System info: host: &apos;d209f91d8199&apos;, ip: &apos;172.27.0.9&apos;, os.name: &apos;Linux&apos;, os.arch: &apos;amd64&apos;, os.version: &apos;4.9.125-linuxkit&apos;, java.version: &apos;1.8.0_191&apos;
Driver info: org.openqa.selenium.remote.RemoteWebDriver
Capabilities {acceptInsecureCerts: true, browserName: firefox, browserVersion: 63.0, javascriptEnabled: true, moz:accessibilityChecks: false, moz:geckodriverVersion: 0.23.0, moz:headless: false, moz:processID: 348, moz:profile: /tmp/rust_mozprofile.vK35H3..., moz:useNonSpecCompliantPointerOrigin: false, moz:webdriverClick: true, pageLoadStrategy: normal, platform: LINUX, platformName: LINUX, platformVersion: 4.9.125-linuxkit, rotatable: false, setWindowRect: true, timeouts: {implicit: 0, pageLoad: 300000, script: 30000}, unhandledPromptBehavior: dismiss and notify, webdriver.remote.sessionid: 2f70c85d-ad3c-4ef0-91a4-a2c...}
Session ID: 2f70c85d-ad3c-4ef0-91a4-a2c28ca954a4
*** Element info: {Using=name, value=buyFlights}
	at sun.reflect.GeneratedConstructorAccessor13.newInstance(Unknown Source)
	at sun.reflect.DelegatingConstructorAccessorImpl.newInstance(DelegatingConstructorAccessorImpl.java:45)
	at java.lang.reflect.Constructor.newInstance(Constructor.java:423)
	at org.openqa.selenium.remote.http.W3CHttpResponseCodec.createException(W3CHttpResponseCodec.java:187)
	at org.openqa.selenium.remote.http.W3CHttpResponseCodec.decode(W3CHttpResponseCodec.java:122)
	at org.openqa.selenium.remote.http.W3CHttpResponseCodec.decode(W3CHttpResponseCodec.java:49)
	at org.openqa.selenium.remote.HttpCommandExecutor.execute(HttpCommandExecutor.java:158)
	at org.openqa.selenium.remote.RemoteWebDriver.execute(RemoteWebDriver.java:548)
	at org.openqa.selenium.remote.RemoteWebDriver.findElement(RemoteWebDriver.java:322)
	at org.openqa.selenium.remote.RemoteWebDriver.findElementByName(RemoteWebDriver.java:400)
	at org.openqa.selenium.By$ByName.findElement(By.java:284)
	at org.openqa.selenium.remote.RemoteWebDriver.findElement(RemoteWebDriver.java:314)
	at org.openqa.selenium.support.pagefactory.DefaultElementLocator.findElement(DefaultElementLocator.java:69)
	at org.openqa.selenium.support.pagefactory.internal.LocatingElementHandler.invoke(LocatingElementHandler.java:38)
	at com.sun.proxy.$Proxy9.isDisplayed(Unknown Source)
	at org.openqa.selenium.support.ui.ExpectedConditions.elementIfVisible(ExpectedConditions.java:315)
	at org.openqa.selenium.support.ui.ExpectedConditions.access$100(ExpectedConditions.java:44)
	at org.openqa.selenium.support.ui.ExpectedConditions$10.apply(ExpectedConditions.java:301)
	at org.openqa.selenium.support.ui.ExpectedConditions$10.apply(ExpectedConditions.java:298)
	at org.openqa.selenium.support.ui.ExpectedConditions$23.apply(ExpectedConditions.java:686)
	at org.openqa.selenium.support.ui.ExpectedConditions$23.apply(ExpectedConditions.java:682)
	at org.openqa.selenium.support.ui.FluentWait.until(FluentWait.java:260)
	... 29 more
</pre></div></td>
<td>31</td>
<td>com.newtours.tests.BookFlightTest@36d4b5c</td></tr>
<tr>
<td title='com.newtours.tests.BookFlightTest.flightConfirmationPage()'><b>flightConfirmationPage</b><br>Test class: com.newtours.tests.BookFlightTest</td>
<td><div><pre>org.openqa.selenium.TimeoutException: Expected condition failed: waiting for visibility of Proxy element for: DefaultElementLocator &apos;By.xpath: //font[contains(text(), &apos;Confirmation&apos;)]&apos; (tried for 30 second(s) with 500 milliseconds interval)
	at org.openqa.selenium.support.ui.WebDriverWait.timeoutException(WebDriverWait.java:113)
	at org.openqa.selenium.support.ui.FluentWait.until(FluentWait.java:283)
	at com.newtours.pages.FlightConfirmationPage.getPrice(FlightConfirmationPage.java:33)
	at com.newtours.tests.BookFlightTest.flightConfirmationPage(BookFlightTest.java:62)
	at java.util.ArrayList.forEach(ArrayList.java:1257)
Caused by: org.openqa.selenium.NoSuchElementException: Unable to locate element: //font[contains(text(), &apos;Confirmation&apos;)]
For documentation on this error, please visit: http://seleniumhq.org/exceptions/no_such_element.html
Build info: version: &apos;3.14.0&apos;, revision: &apos;aacccce0&apos;, time: &apos;2018-08-02T20:19:58.91Z&apos;
System info: host: &apos;d209f91d8199&apos;, ip: &apos;172.27.0.9&apos;, os.name: &apos;Linux&apos;, os.arch: &apos;amd64&apos;, os.version: &apos;4.9.125-linuxkit&apos;, java.version: &apos;1.8.0_191&apos;
Driver info: org.openqa.selenium.remote.RemoteWebDriver
Capabilities {acceptInsecureCerts: true, browserName: firefox, browserVersion: 63.0, javascriptEnabled: true, moz:accessibilityChecks: false, moz:geckodriverVersion: 0.23.0, moz:headless: false, moz:processID: 79, moz:profile: /tmp/rust_mozprofile.QTSZRJ..., moz:useNonSpecCompliantPointerOrigin: false, moz:webdriverClick: true, pageLoadStrategy: normal, platform: LINUX, platformName: LINUX, platformVersion: 4.9.125-linuxkit, rotatable: false, setWindowRect: true, timeouts: {implicit: 0, pageLoad: 300000, script: 30000}, unhandledPromptBehavior: dismiss and notify, webdriver.remote.sessionid: e1059d5f-da70-49f3-9d3f-735...}
Session ID: e1059d5f-da70-49f3-9d3f-7351ad4118a5
*** Element info: {Using=xpath, value=//font[contains(text(), &apos;Confirmation&apos;)]}
	at org.openqa.selenium.remote.http.W3CHttpResponseCodec.createException(W3CHttpResponseCodec.java:187)
	at org.openqa.selenium.remote.http.W3CHttpResponseCodec.decode(W3CHttpResponseCodec.java:122)
	at org.openqa.selenium.remote.http.W3CHttpResponseCodec.decode(W3CHttpResponseCodec.java:49)
	at org.openqa.selenium.remote.HttpCommandExecutor.execute(HttpCommandExecutor.java:158)
	at org.openqa.selenium.remote.RemoteWebDriver.execute(RemoteWebDriver.java:548)
	at org.openqa.selenium.remote.RemoteWebDriver.findElement(RemoteWebDriver.java:322)
	at org.openqa.selenium.remote.RemoteWebDriver.findElementByXPath(RemoteWebDriver.java:424)
	at org.openqa.selenium.By$ByXPath.findElement(By.java:353)
	at org.openqa.selenium.remote.RemoteWebDriver.findElement(RemoteWebDriver.java:314)
	at org.openqa.selenium.support.pagefactory.DefaultElementLocator.findElement(DefaultElementLocator.java:69)
	at org.openqa.selenium.support.pagefactory.internal.LocatingElementHandler.invoke(LocatingElementHandler.java:38)
	at com.sun.proxy.$Proxy9.isDisplayed(Unknown Source)
	at org.openqa.selenium.support.ui.ExpectedConditions.elementIfVisible(ExpectedConditions.java:315)
	at org.openqa.selenium.support.ui.ExpectedConditions.access$100(ExpectedConditions.java:44)
	at org.openqa.selenium.support.ui.ExpectedConditions$10.apply(ExpectedConditions.java:301)
	at org.openqa.selenium.support.ui.ExpectedConditions$10.apply(ExpectedConditions.java:298)
	at org.openqa.selenium.support.ui.FluentWait.until(FluentWait.java:260)
	... 29 more
... Removed 29 stack frames</pre></div><a href='#' onClick='toggleBox("stack-trace1528741718", this, "Click to show all stack frames", "Click to hide stack frames")'>Click to show all stack frames</a>
<div class='stack-trace' id='stack-trace1528741718'><pre>org.openqa.selenium.TimeoutException: Expected condition failed: waiting for visibility of Proxy element for: DefaultElementLocator &apos;By.xpath: //font[contains(text(), &apos;Confirmation&apos;)]&apos; (tried for 30 second(s) with 500 milliseconds interval)
	at org.openqa.selenium.support.ui.WebDriverWait.timeoutException(WebDriverWait.java:113)
	at org.openqa.selenium.support.ui.FluentWait.until(FluentWait.java:283)
	at com.newtours.pages.FlightConfirmationPage.getPrice(FlightConfirmationPage.java:33)
	at com.newtours.tests.BookFlightTest.flightConfirmationPage(BookFlightTest.java:62)
	at sun.reflect.NativeMethodAccessorImpl.invoke0(Native Method)
	at sun.reflect.NativeMethodAccessorImpl.invoke(NativeMethodAccessorImpl.java:62)
	at sun.reflect.DelegatingMethodAccessorImpl.invoke(DelegatingMethodAccessorImpl.java:43)
	at java.lang.reflect.Method.invoke(Method.java:498)
	at org.testng.internal.MethodInvocationHelper.invokeMethod(MethodInvocationHelper.java:133)
	at org.testng.internal.TestInvoker.invokeMethod(TestInvoker.java:584)
	at org.testng.internal.TestInvoker.invokeTestMethod(TestInvoker.java:172)
	at org.testng.internal.MethodRunner.runInSequence(MethodRunner.java:46)
	at org.testng.internal.TestInvoker$MethodInvocationAgent.invoke(TestInvoker.java:804)
	at org.testng.internal.TestInvoker.invokeTestMethods(TestInvoker.java:145)
	at org.testng.internal.TestMethodWorker.invokeTestMethods(TestMethodWorker.java:146)
	at org.testng.internal.TestMethodWorker.run(TestMethodWorker.java:128)
	at java.util.ArrayList.forEach(ArrayList.java:1257)
	at org.testng.TestRunner.privateRun(TestRunner.java:770)
	at org.testng.TestRunner.run(TestRunner.java:591)
	at org.testng.SuiteRunner.runTest(SuiteRunner.java:402)
	at org.testng.SuiteRunner.runSequentially(SuiteRunner.java:396)
	at org.testng.SuiteRunner.privateRun(SuiteRunner.java:355)
	at org.testng.SuiteRunner.run(SuiteRunner.java:304)
	at org.testng.SuiteRunnerWorker.runSuite(SuiteRunnerWorker.java:53)
	at org.testng.SuiteRunnerWorker.run(SuiteRunnerWorker.java:96)
	at org.testng.TestNG.runSuitesSequentially(TestNG.java:1180)
	at org.testng.TestNG.runSuitesLocally(TestNG.java:1102)
	at org.testng.TestNG.runSuites(TestNG.java:1032)
	at org.testng.TestNG.run(TestNG.java:1000)
	at org.testng.TestNG.privateMain(TestNG.java:1326)
	at org.testng.TestNG.main(TestNG.java:1294)
Caused by: org.openqa.selenium.NoSuchElementException: Unable to locate element: //font[contains(text(), &apos;Confirmation&apos;)]
For documentation on this error, please visit: http://seleniumhq.org/exceptions/no_such_element.html
Build info: version: &apos;3.14.0&apos;, revision: &apos;aacccce0&apos;, time: &apos;2018-08-02T20:19:58.91Z&apos;
System info: host: &apos;d209f91d8199&apos;, ip: &apos;172.27.0.9&apos;, os.name: &apos;Linux&apos;, os.arch: &apos;amd64&apos;, os.version: &apos;4.9.125-linuxkit&apos;, java.version: &apos;1.8.0_191&apos;
Driver info: org.openqa.selenium.remote.RemoteWebDriver
Capabilities {acceptInsecureCerts: true, browserName: firefox, browserVersion: 63.0, javascriptEnabled: true, moz:accessibilityChecks: false, moz:geckodriverVersion: 0.23.0, moz:headless: false, moz:processID: 79, moz:profile: /tmp/rust_mozprofile.QTSZRJ..., moz:useNonSpecCompliantPointerOrigin: false, moz:webdriverClick: true, pageLoadStrategy: normal, platform: LINUX, platformName: LINUX, platformVersion: 4.9.125-linuxkit, rotatable: false, setWindowRect: true, timeouts: {implicit: 0, pageLoad: 300000, script: 30000}, unhandledPromptBehavior: dismiss and notify, webdriver.remote.sessionid: e1059d5f-da70-49f3-9d3f-735...}
Session ID: e1059d5f-da70-49f3-9d3f-7351ad4118a5
*** Element info: {Using=xpath, value=//font[contains(text(), &apos;Confirmation&apos;)]}
	at sun.reflect.GeneratedConstructorAccessor13.newInstance(Unknown Source)
	at sun.reflect.DelegatingConstructorAccessorImpl.newInstance(DelegatingConstructorAccessorImpl.java:45)
	at java.lang.reflect.Constructor.newInstance(Constructor.java:423)
	at org.openqa.selenium.remote.http.W3CHttpResponseCodec.createException(W3CHttpResponseCodec.java:187)
	at org.openqa.selenium.remote.http.W3CHttpResponseCodec.decode(W3CHttpResponseCodec.java:122)
	at org.openqa.selenium.remote.http.W3CHttpResponseCodec.decode(W3CHttpResponseCodec.java:49)
	at org.openqa.selenium.remote.HttpCommandExecutor.execute(HttpCommandExecutor.java:158)
	at org.openqa.selenium.remote.RemoteWebDriver.execute(RemoteWebDriver.java:548)
	at org.openqa.selenium.remote.RemoteWebDriver.findElement(RemoteWebDriver.java:322)
	at org.openqa.selenium.remote.RemoteWebDriver.findElementByXPath(RemoteWebDriver.java:424)
	at org.openqa.selenium.By$ByXPath.findElement(By.java:353)
	at org.openqa.selenium.remote.RemoteWebDriver.findElement(RemoteWebDriver.java:314)
	at org.openqa.selenium.support.pagefactory.DefaultElementLocator.findElement(DefaultElementLocator.java:69)
	at org.openqa.selenium.support.pagefactory.internal.LocatingElementHandler.invoke(LocatingElementHandler.java:38)
	at com.sun.proxy.$Proxy9.isDisplayed(Unknown Source)
	at org.openqa.selenium.support.ui.ExpectedConditions.elementIfVisible(ExpectedConditions.java:315)
	at org.openqa.selenium.support.ui.ExpectedConditions.access$100(ExpectedConditions.java:44)
	at org.openqa.selenium.support.ui.ExpectedConditions$10.apply(ExpectedConditions.java:301)
	at org.openqa.selenium.support.ui.ExpectedConditions$10.apply(ExpectedConditions.java:298)
	at org.openqa.selenium.support.ui.FluentWait.until(FluentWait.java:260)
	... 29 more
</pre></div></td>
<td>30</td>
<td>com.newtours.tests.BookFlightTest@32e6e9c3</td></tr>
</table><p>
<table width='100%' border='1' class='invocation-passed'>
<tr><td colspan='4' align='center'><b>PASSED TESTS</b></td></tr>
<tr><td><b>Test method</b></td>
<td width="30%"><b>Exception</b></td>
<td width="10%"><b>Time (seconds)</b></td>
<td><b>Instance</b></td>
</tr>
<tr>
<td title='com.newtours.tests.BookFlightTest.findFlightPage()'><b>findFlightPage</b><br>Test class: com.newtours.tests.BookFlightTest</td>
<td></td>
<td>3</td>
<td>com.newtours.tests.BookFlightTest@32e6e9c3</td></tr>
<tr>
<td title='com.newtours.tests.BookFlightTest.findFlightPage()'><b>findFlightPage</b><br>Test class: com.newtours.tests.BookFlightTest</td>
<td></td>
<td>1</td>
<td>com.newtours.tests.BookFlightTest@735b5592</td></tr>
<tr>
<td title='com.newtours.tests.BookFlightTest.findFlightPage()'><b>findFlightPage</b><br>Test class: com.newtours.tests.BookFlightTest</td>
<td></td>
<td>1</td>
<td>com.newtours.tests.BookFlightTest@7c16905e</td></tr>
<tr>
<td title='com.newtours.tests.BookFlightTest.flightConfirmationPage()'><b>flightConfirmationPage</b><br>Test class: com.newtours.tests.BookFlightTest</td>
<td></td>
<td>1</td>
<td>com.newtours.tests.BookFlightTest@735b5592</td></tr>
<tr>
<td title='com.newtours.tests.BookFlightTest.flightConfirmationPage()'><b>flightConfirmationPage</b><br>Test class: com.newtours.tests.BookFlightTest</td>
<td></td>
<td>2</td>
<td>com.newtours.tests.BookFlightTest@7c16905e</td></tr>
<tr>
<td title='com.newtours.tests.BookFlightTest.flightDetailsPage()'><b>flightDetailsPage</b><br>Test class: com.newtours.tests.BookFlightTest</td>
<td></td>
<td>1</td>
<td>com.newtours.tests.BookFlightTest@32e6e9c3</td></tr>
<tr>
<td title='com.newtours.tests.BookFlightTest.flightDetailsPage()'><b>flightDetailsPage</b><br>Test class: com.newtours.tests.BookFlightTest</td>
<td></td>
<td>1</td>
<td>com.newtours.tests.BookFlightTest@36d4b5c</td></tr>
<tr>
<td title='com.newtours.tests.BookFlightTest.flightDetailsPage()'><b>flightDetailsPage</b><br>Test class: com.newtours.tests.BookFlightTest</td>
<td></td>
<td>1</td>
<td>com.newtours.tests.BookFlightTest@735b5592</td></tr>
<tr>
<td title='com.newtours.tests.BookFlightTest.flightDetailsPage()'><b>flightDetailsPage</b><br>Test class: com.newtours.tests.BookFlightTest</td>
<td></td>
<td>0</td>
<td>com.newtours.tests.BookFlightTest@7c16905e</td></tr>
<tr>
<td title='com.newtours.tests.BookFlightTest.registrationConfirmationPage()'><b>registrationConfirmationPage</b><br>Test class: com.newtours.tests.BookFlightTest</td>
<td></td>
<td>1</td>
<td>com.newtours.tests.BookFlightTest@32e6e9c3</td></tr>
<tr>
<td title='com.newtours.tests.BookFlightTest.registrationConfirmationPage()'><b>registrationConfirmationPage</b><br>Test class: com.newtours.tests.BookFlightTest</td>
<td></td>
<td>1</td>
<td>com.newtours.tests.BookFlightTest@36d4b5c</td></tr>
<tr>
<td title='com.newtours.tests.BookFlightTest.registrationConfirmationPage()'><b>registrationConfirmationPage</b><br>Test class: com.newtours.tests.BookFlightTest</td>
<td></td>
<td>0</td>
<td>com.newtours.tests.BookFlightTest@735b5592</td></tr>
<tr>
<td title='com.newtours.tests.BookFlightTest.registrationConfirmationPage()'><b>registrationConfirmationPage</b><br>Test class: com.newtours.tests.BookFlightTest</td>
<td></td>
<td>0</td>
<td>com.newtours.tests.BookFlightTest@7c16905e</td></tr>
<tr>
<td title='com.newtours.tests.BookFlightTest.registrationPage()'><b>registrationPage</b><br>Test class: com.newtours.tests.BookFlightTest</td>
<td></td>
<td>5</td>
<td>com.newtours.tests.BookFlightTest@32e6e9c3</td></tr>
<tr>
<td title='com.newtours.tests.BookFlightTest.registrationPage()'><b>registrationPage</b><br>Test class: com.newtours.tests.BookFlightTest</td>
<td></td>
<td>3</td>
<td>com.newtours.tests.BookFlightTest@36d4b5c</td></tr>
<tr>
<td title='com.newtours.tests.BookFlightTest.registrationPage()'><b>registrationPage</b><br>Test class: com.newtours.tests.BookFlightTest</td>
<td></td>
<td>3</td>
<td>com.newtours.tests.BookFlightTest@735b5592</td></tr>
<tr>
<td title='com.newtours.tests.BookFlightTest.registrationPage()'><b>registrationPage</b><br>Test class: com.newtours.tests.BookFlightTest</td>
<td></td>
<td>3</td>
<td>com.newtours.tests.BookFlightTest@7c16905e</td></tr>
</table><p>
<table width='100%' border='1' class='invocation-skipped'>
<tr><td colspan='4' align='center'><b>SKIPPED TESTS</b></td></tr>
<tr><td><b>Test method</b></td>
<td width="30%"><b>Exception</b></td>
<td width="10%"><b>Time (seconds)</b></td>
<td><b>Instance</b></td>
</tr>
<tr>
<td title='com.newtours.tests.BookFlightTest.flightConfirmationPage()'><b>flightConfirmationPage</b><br>Test class: com.newtours.tests.BookFlightTest</td>
<td><div><pre>java.lang.Throwable: Method BookFlightTest.flightConfirmationPage()[pri:0, instance:com.newtours.tests.BookFlightTest@36d4b5c] depends on not successfully finished methods
	at java.util.ArrayList.forEach(ArrayList.java:1257)
... Removed 17 stack frames</pre></div><a href='#' onClick='toggleBox("stack-trace748006558", this, "Click to show all stack frames", "Click to hide stack frames")'>Click to show all stack frames</a>
<div class='stack-trace' id='stack-trace748006558'><pre>java.lang.Throwable: Method BookFlightTest.flightConfirmationPage()[pri:0, instance:com.newtours.tests.BookFlightTest@36d4b5c] depends on not successfully finished methods
	at org.testng.internal.TestInvoker.invokeTestMethods(TestInvoker.java:99)
	at org.testng.internal.TestMethodWorker.invokeTestMethods(TestMethodWorker.java:146)
	at org.testng.internal.TestMethodWorker.run(TestMethodWorker.java:128)
	at java.util.ArrayList.forEach(ArrayList.java:1257)
	at org.testng.TestRunner.privateRun(TestRunner.java:770)
	at org.testng.TestRunner.run(TestRunner.java:591)
	at org.testng.SuiteRunner.runTest(SuiteRunner.java:402)
	at org.testng.SuiteRunner.runSequentially(SuiteRunner.java:396)
	at org.testng.SuiteRunner.privateRun(SuiteRunner.java:355)
	at org.testng.SuiteRunner.run(SuiteRunner.java:304)
	at org.testng.SuiteRunnerWorker.runSuite(SuiteRunnerWorker.java:53)
	at org.testng.SuiteRunnerWorker.run(SuiteRunnerWorker.java:96)
	at org.testng.TestNG.runSuitesSequentially(TestNG.java:1180)
	at org.testng.TestNG.runSuitesLocally(TestNG.java:1102)
	at org.testng.TestNG.runSuites(TestNG.java:1032)
	at org.testng.TestNG.run(TestNG.java:1000)
	at org.testng.TestNG.privateMain(TestNG.java:1326)
	at org.testng.TestNG.main(TestNG.java:1294)
</pre></div></td>
<td>0</td>
<td>com.newtours.tests.BookFlightTest@36d4b5c</td></tr>
</table><p>
</body>
</html>