<?xml version="1.0" encoding="UTF-8"?>
<!-- Generated by org.testng.reporters.JUnitXMLReporter -->
<testsuite hostname="6d6eb1d4c02f" ignored="0" name="book-flight-2" tests="5" failures="1" timestamp="2020-05-20T09:42:39 GMT" time="31.403" errors="0">
  <testcase name="registrationPage" time="6.787" classname="com.newtours.tests.BookFlightTest"/>
  <testcase name="registrationConfirmationPage" time="17.157" classname="com.newtours.tests.BookFlightTest"/>
  <testcase name="flightDetailsPage" time="1.164" classname="com.newtours.tests.BookFlightTest"/>
  <testcase name="findFlightPage" time="1.615" classname="com.newtours.tests.BookFlightTest"/>
  <testcase name="flightConfirmationPage" time="1.088" classname="com.newtours.tests.BookFlightTest">
    <failure type="java.lang.AssertionError" message="expected [$1169 USD] but found [$1753 USD]">
      <![CDATA[java.lang.AssertionError: expected [$1169 USD] but found [$1753 USD]
at com.newtours.tests.BookFlightTest.flightConfirmationPage(BookFlightTest.java:63)
at java.util.ArrayList.forEach(ArrayList.java:1257)
... Removed 31 stack frames]]>
    </failure>
  </testcase> <!-- flightConfirmationPage -->
</testsuite> <!-- book-flight-2 -->
