<?xml version="1.0" encoding="UTF-8"?>
<!-- Generated by org.testng.reporters.JUnitReportReporter -->
<testsuite skipped="0" hostname="6d6eb1d4c02f" name="com.newtours.tests.BookFlightTest" tests="20" failures="1" timestamp="2020-05-20T09:43:33 GMT" time="106.939" errors="0">
  <testcase name="registrationConfirmationPage" time="20.736" classname="com.newtours.tests.BookFlightTest"/>
  <testcase name="flightDetailsPage" time="1.055" classname="com.newtours.tests.BookFlightTest"/>
  <testcase name="registrationConfirmationPage" time="21.740" classname="com.newtours.tests.BookFlightTest"/>
  <testcase name="flightConfirmationPage" time="1.088" classname="com.newtours.tests.BookFlightTest">
    <failure type="java.lang.AssertionError" message="expected [$1169 USD] but found [$1753 USD]">
      <![CDATA[java.lang.AssertionError: expected [$1169 USD] but found [$1753 USD]
at org.testng.Assert.fail(Assert.java:97)
at org.testng.Assert.assertEqualsImpl(Assert.java:136)
at org.testng.Assert.assertEquals(Assert.java:118)
at org.testng.Assert.assertEquals(Assert.java:575)
at org.testng.Assert.assertEquals(Assert.java:585)
at com.newtours.tests.BookFlightTest.flightConfirmationPage(BookFlightTest.java:63)
at sun.reflect.NativeMethodAccessorImpl.invoke0(Native Method)
at sun.reflect.NativeMethodAccessorImpl.invoke(NativeMethodAccessorImpl.java:62)
at sun.reflect.DelegatingMethodAccessorImpl.invoke(DelegatingMethodAccessorImpl.java:43)
at java.lang.reflect.Method.invoke(Method.java:498)
at org.testng.internal.MethodInvocationHelper.invokeMethod(MethodInvocationHelper.java:133)
at org.testng.internal.TestInvoker.invokeMethod(TestInvoker.java:584)
at org.testng.internal.TestInvoker.invokeTestMethod(TestInvoker.java:172)
at org.testng.internal.MethodRunner.runInSequence(MethodRunner.java:46)
at org.testng.internal.TestInvoker$MethodInvocationAgent.invoke(TestInvoker.java:804)
at org.testng.internal.TestInvoker.invokeTestMethods(TestInvoker.java:145)
at org.testng.internal.TestMethodWorker.invokeTestMethods(TestMethodWorker.java:146)
at org.testng.internal.TestMethodWorker.run(TestMethodWorker.java:128)
at java.util.ArrayList.forEach(ArrayList.java:1257)
at org.testng.TestRunner.privateRun(TestRunner.java:770)
at org.testng.TestRunner.run(TestRunner.java:591)
at org.testng.SuiteRunner.runTest(SuiteRunner.java:402)
at org.testng.SuiteRunner.runSequentially(SuiteRunner.java:396)
at org.testng.SuiteRunner.privateRun(SuiteRunner.java:355)
at org.testng.SuiteRunner.run(SuiteRunner.java:304)
at org.testng.SuiteRunnerWorker.runSuite(SuiteRunnerWorker.java:53)
at org.testng.SuiteRunnerWorker.run(SuiteRunnerWorker.java:96)
at org.testng.TestNG.runSuitesSequentially(TestNG.java:1180)
at org.testng.TestNG.runSuitesLocally(TestNG.java:1102)
at org.testng.TestNG.runSuites(TestNG.java:1032)
at org.testng.TestNG.run(TestNG.java:1000)
at org.testng.TestNG.privateMain(TestNG.java:1326)
at org.testng.TestNG.main(TestNG.java:1294)
]]>
    </failure>
  </testcase> <!-- flightConfirmationPage -->
  <testcase name="findFlightPage" time="1.836" classname="com.newtours.tests.BookFlightTest"/>
  <testcase name="flightConfirmationPage" time="1.474" classname="com.newtours.tests.BookFlightTest"/>
  <testcase name="registrationPage" time="6.747" classname="com.newtours.tests.BookFlightTest"/>
  <testcase name="registrationPage" time="6.586" classname="com.newtours.tests.BookFlightTest"/>
  <testcase name="registrationConfirmationPage" time="17.157" classname="com.newtours.tests.BookFlightTest"/>
  <testcase name="findFlightPage" time="1.615" classname="com.newtours.tests.BookFlightTest"/>
  <testcase name="flightDetailsPage" time="0.958" classname="com.newtours.tests.BookFlightTest"/>
  <testcase name="flightDetailsPage" time="1.087" classname="com.newtours.tests.BookFlightTest"/>
  <testcase name="registrationPage" time="6.787" classname="com.newtours.tests.BookFlightTest"/>
  <testcase name="registrationConfirmationPage" time="4.113" classname="com.newtours.tests.BookFlightTest"/>
  <testcase name="flightConfirmationPage" time="1.048" classname="com.newtours.tests.BookFlightTest"/>
  <testcase name="flightConfirmationPage" time="1.130" classname="com.newtours.tests.BookFlightTest"/>
  <testcase name="findFlightPage" time="2.111" classname="com.newtours.tests.BookFlightTest"/>
  <testcase name="registrationPage" time="6.737" classname="com.newtours.tests.BookFlightTest"/>
  <testcase name="findFlightPage" time="1.770" classname="com.newtours.tests.BookFlightTest"/>
  <testcase name="flightDetailsPage" time="1.164" classname="com.newtours.tests.BookFlightTest"/>
</testsuite> <!-- com.newtours.tests.BookFlightTest -->
